Housing Price
Batch Size: 16 Epochs: 40 One-Hot Encoding: False Learning Rate: 0.001 Normalize Data: True
inputSize: 21 hs1: 500 hs2: 20

Number of parameters in model: 21041

Epoch 1 / 40, Loss: 37932003328.0, Time: 1.2478137016296387 seconds, Training RMSE: 197191.61894107654
Validation for epoch 1/40 finished in 0.012901782989501953 seconds. RMSE: 199125.13367626158
Epoch 2 / 40, Loss: 32350222336.0, Time: 0.1198880672454834 seconds, Training RMSE: 197167.72629844528
Validation for epoch 2/40 finished in 0.013010740280151367 seconds. RMSE: 199078.28961752987
Epoch 3 / 40, Loss: 29125255168.0, Time: 0.12026643753051758 seconds, Training RMSE: 197079.3098725374
Validation for epoch 3/40 finished in 0.013012170791625977 seconds. RMSE: 198942.69969895063
Epoch 4 / 40, Loss: 38713069568.0, Time: 0.11997699737548828 seconds, Training RMSE: 196875.1007433706
Validation for epoch 4/40 finished in 0.013012170791625977 seconds. RMSE: 198669.67838800797
Epoch 5 / 40, Loss: 39790788608.0, Time: 0.12010979652404785 seconds, Training RMSE: 196506.9616234136
Validation for epoch 5/40 finished in 0.012011051177978516 seconds. RMSE: 198211.94481236837
Epoch 6 / 40, Loss: 34949111808.0, Time: 0.11810708045959473 seconds, Training RMSE: 195926.1975940717
Validation for epoch 6/40 finished in 0.012090921401977539 seconds. RMSE: 197527.17952741287
Epoch 7 / 40, Loss: 32737927168.0, Time: 0.11618638038635254 seconds, Training RMSE: 195092.5074612217
Validation for epoch 7/40 finished in 0.012011051177978516 seconds. RMSE: 196575.23828065398
Epoch 8 / 40, Loss: 26300510208.0, Time: 0.11710834503173828 seconds, Training RMSE: 193968.17637472643
Validation for epoch 8/40 finished in 0.012010574340820312 seconds. RMSE: 195327.44875054623
Epoch 9 / 40, Loss: 40820154368.0, Time: 0.11583185195922852 seconds, Training RMSE: 192522.6068194277
Validation for epoch 9/40 finished in 0.012011051177978516 seconds. RMSE: 193749.64188460054
Epoch 10 / 40, Loss: 57295273984.0, Time: 0.1169588565826416 seconds, Training RMSE: 190727.90723702105
Validation for epoch 10/40 finished in 0.012011528015136719 seconds. RMSE: 191825.04628044053
Epoch 11 / 40, Loss: 41119723520.0, Time: 0.11706948280334473 seconds, Training RMSE: 188567.4071530877
Validation for epoch 11/40 finished in 0.012010335922241211 seconds. RMSE: 189523.3925299323
Epoch 12 / 40, Loss: 19593076736.0, Time: 0.11702823638916016 seconds, Training RMSE: 186019.92763127614
Validation for epoch 12/40 finished in 0.012010812759399414 seconds. RMSE: 186855.16156946452
Epoch 13 / 40, Loss: 28837470208.0, Time: 0.1149146556854248 seconds, Training RMSE: 183080.5889665225
Validation for epoch 13/40 finished in 0.011009931564331055 seconds. RMSE: 183799.41735981705
Epoch 14 / 40, Loss: 24053932032.0, Time: 0.11637759208679199 seconds, Training RMSE: 179740.44757867057
Validation for epoch 14/40 finished in 0.011010408401489258 seconds. RMSE: 180366.2587672612
Epoch 15 / 40, Loss: 43062267904.0, Time: 0.11610627174377441 seconds, Training RMSE: 176018.42892307596
Validation for epoch 15/40 finished in 0.012010574340820312 seconds. RMSE: 176534.3762029647
Epoch 16 / 40, Loss: 25954381824.0, Time: 0.11632752418518066 seconds, Training RMSE: 171900.74212276153
Validation for epoch 16/40 finished in 0.011009693145751953 seconds. RMSE: 172394.32653029976
Epoch 17 / 40, Loss: 26874564608.0, Time: 0.11510443687438965 seconds, Training RMSE: 167425.0989449083
Validation for epoch 17/40 finished in 0.012011051177978516 seconds. RMSE: 167869.1348676268
Epoch 18 / 40, Loss: 11531186176.0, Time: 0.11610579490661621 seconds, Training RMSE: 162594.08681559504
Validation for epoch 18/40 finished in 0.011010169982910156 seconds. RMSE: 163058.8474083421
Epoch 19 / 40, Loss: 16134584320.0, Time: 0.11510419845581055 seconds, Training RMSE: 157450.10788357037
Validation for epoch 19/40 finished in 0.012011289596557617 seconds. RMSE: 157977.4385944927
Epoch 20 / 40, Loss: 16698537984.0, Time: 0.11710667610168457 seconds, Training RMSE: 152034.10646623443
Validation for epoch 20/40 finished in 0.013011932373046875 seconds. RMSE: 152672.1388755064
Epoch 21 / 40, Loss: 13533073408.0, Time: 0.11510467529296875 seconds, Training RMSE: 146400.66534170244
Validation for epoch 21/40 finished in 0.011009931564331055 seconds. RMSE: 147157.13615342177
Epoch 22 / 40, Loss: 18456588288.0, Time: 0.11710643768310547 seconds, Training RMSE: 140584.17433645585
Validation for epoch 22/40 finished in 0.012011051177978516 seconds. RMSE: 141575.29590553476
Epoch 23 / 40, Loss: 22309249024.0, Time: 0.11754584312438965 seconds, Training RMSE: 134665.61031386402
Validation for epoch 23/40 finished in 0.013012170791625977 seconds. RMSE: 135935.94262568766
Epoch 24 / 40, Loss: 18415839232.0, Time: 0.11610531806945801 seconds, Training RMSE: 128704.08204189397
Validation for epoch 24/40 finished in 0.013012170791625977 seconds. RMSE: 130335.06791133403
Epoch 25 / 40, Loss: 16264292352.0, Time: 0.11710643768310547 seconds, Training RMSE: 122788.11524658329
Validation for epoch 25/40 finished in 0.012010574340820312 seconds. RMSE: 124857.25955841878
Epoch 26 / 40, Loss: 8584262656.0, Time: 0.1161046028137207 seconds, Training RMSE: 116990.00915544789
Validation for epoch 26/40 finished in 0.012011289596557617 seconds. RMSE: 119566.34779410936
Epoch 27 / 40, Loss: 30837807104.0, Time: 0.11710619926452637 seconds, Training RMSE: 111383.55716824658
Validation for epoch 27/40 finished in 0.012010812759399414 seconds. RMSE: 114588.59029481698
Epoch 28 / 40, Loss: 9330222080.0, Time: 0.11710691452026367 seconds, Training RMSE: 106097.94786080442
Validation for epoch 28/40 finished in 0.012010812759399414 seconds. RMSE: 109824.51968456409
Epoch 29 / 40, Loss: 7103080448.0, Time: 0.11710619926452637 seconds, Training RMSE: 101169.52477191608
Validation for epoch 29/40 finished in 0.012011289596557617 seconds. RMSE: 105583.92641472795
Epoch 30 / 40, Loss: 20304932864.0, Time: 0.11610579490661621 seconds, Training RMSE: 96700.11843202222
Validation for epoch 30/40 finished in 0.012010812759399414 seconds. RMSE: 101818.49963188257
Epoch 31 / 40, Loss: 1856940544.0, Time: 0.11610531806945801 seconds, Training RMSE: 92723.01225974353
Validation for epoch 31/40 finished in 0.012011289596557617 seconds. RMSE: 98552.79827807202
Epoch 32 / 40, Loss: 9612021760.0, Time: 0.13212013244628906 seconds, Training RMSE: 89259.80761491734
Validation for epoch 32/40 finished in 0.014013051986694336 seconds. RMSE: 95870.36010083104
Epoch 33 / 40, Loss: 7131095040.0, Time: 0.12011003494262695 seconds, Training RMSE: 86367.47558804794
Validation for epoch 33/40 finished in 0.012010335922241211 seconds. RMSE: 93599.26206008132
Epoch 34 / 40, Loss: 7447400960.0, Time: 0.1161048412322998 seconds, Training RMSE: 83983.16690828708
Validation for epoch 34/40 finished in 0.012011051177978516 seconds. RMSE: 91876.65338935348
Epoch 35 / 40, Loss: 2200907776.0, Time: 0.11610579490661621 seconds, Training RMSE: 82101.59693439637
Validation for epoch 35/40 finished in 0.011009454727172852 seconds. RMSE: 90485.60563040605
Epoch 36 / 40, Loss: 6595395584.0, Time: 0.1161046028137207 seconds, Training RMSE: 80639.4705244631
Validation for epoch 36/40 finished in 0.011010408401489258 seconds. RMSE: 89517.13487157885
Epoch 37 / 40, Loss: 14672982016.0, Time: 0.11610627174377441 seconds, Training RMSE: 79562.67826645548
Validation for epoch 37/40 finished in 0.012011051177978516 seconds. RMSE: 88794.42814063233
Epoch 38 / 40, Loss: 3959706112.0, Time: 0.11710596084594727 seconds, Training RMSE: 78778.9352277399
Validation for epoch 38/40 finished in 0.011010169982910156 seconds. RMSE: 88325.89037335868
Epoch 39 / 40, Loss: 9333805056.0, Time: 0.11422586441040039 seconds, Training RMSE: 78238.5634739401
Validation for epoch 39/40 finished in 0.011009693145751953 seconds. RMSE: 88007.43133753045
Epoch 40 / 40, Loss: 18303508480.0, Time: 0.11710667610168457 seconds, Training RMSE: 77870.04997966558
Validation for epoch 40/40 finished in 0.012010574340820312 seconds. RMSE: 87810.2750613854
Finished Training 40 epochs in 6.301593542098999 seconds
