Housing Price
Batch Size: 16 Epochs: 40 One-Hot Encoding: True Learning Rate: 0.001 Normalize Data: True
inputSize: 80 hs1: 500 hs2: 20

Number of parameters in model: 50541

Epoch 1 / 40, Loss: 36017909760.0, Time: 1.2281057834625244 seconds, Training RMSE: 197192.66271492644
Validation for epoch 1/40 finished in 0.01293325424194336 seconds. RMSE: 199127.38149744098
Epoch 2 / 40, Loss: 33577564160.0, Time: 0.11892533302307129 seconds, Training RMSE: 197170.73881770036
Validation for epoch 2/40 finished in 0.012011289596557617 seconds. RMSE: 199080.88829899722
Epoch 3 / 40, Loss: 24000972800.0, Time: 0.12855887413024902 seconds, Training RMSE: 197076.8747702416
Validation for epoch 3/40 finished in 0.013010263442993164 seconds. RMSE: 198931.9789687881
Epoch 4 / 40, Loss: 33115578368.0, Time: 0.11710524559020996 seconds, Training RMSE: 196848.7159394587
Validation for epoch 4/40 finished in 0.012010574340820312 seconds. RMSE: 198620.47133218462
Epoch 5 / 40, Loss: 40591515648.0, Time: 0.11810684204101562 seconds, Training RMSE: 196421.5815701537
Validation for epoch 5/40 finished in 0.013012170791625977 seconds. RMSE: 198087.067676596
Epoch 6 / 40, Loss: 50536599552.0, Time: 0.11812400817871094 seconds, Training RMSE: 195736.21911301324
Validation for epoch 6/40 finished in 0.012011289596557617 seconds. RMSE: 197272.5005540542
Epoch 7 / 40, Loss: 27492622336.0, Time: 0.11810803413391113 seconds, Training RMSE: 194740.72341857274
Validation for epoch 7/40 finished in 0.012010812759399414 seconds. RMSE: 196130.46408400766
Epoch 8 / 40, Loss: 37735239680.0, Time: 0.11710619926452637 seconds, Training RMSE: 193392.20547820957
Validation for epoch 8/40 finished in 0.013011693954467773 seconds. RMSE: 194630.86078009315
Epoch 9 / 40, Loss: 19999375360.0, Time: 0.11610555648803711 seconds, Training RMSE: 191659.1170823009
Validation for epoch 9/40 finished in 0.013011693954467773 seconds. RMSE: 192735.42092212162
Epoch 10 / 40, Loss: 34495918080.0, Time: 0.11710715293884277 seconds, Training RMSE: 189506.8430019031
Validation for epoch 10/40 finished in 0.011009931564331055 seconds. RMSE: 190414.30784965455
Epoch 11 / 40, Loss: 21616898048.0, Time: 0.11710643768310547 seconds, Training RMSE: 186907.2845535403
Validation for epoch 11/40 finished in 0.012010574340820312 seconds. RMSE: 187663.6294673976
Epoch 12 / 40, Loss: 32045443072.0, Time: 0.1161050796508789 seconds, Training RMSE: 183847.57371525548
Validation for epoch 12/40 finished in 0.011010885238647461 seconds. RMSE: 184463.14943537215
Epoch 13 / 40, Loss: 24933511168.0, Time: 0.11510586738586426 seconds, Training RMSE: 180325.04102542697
Validation for epoch 13/40 finished in 0.012010335922241211 seconds. RMSE: 180813.0187869483
Epoch 14 / 40, Loss: 19502614528.0, Time: 0.11710643768310547 seconds, Training RMSE: 176343.19061871668
Validation for epoch 14/40 finished in 0.013011455535888672 seconds. RMSE: 176719.9854641963
Epoch 15 / 40, Loss: 28906397696.0, Time: 0.11711430549621582 seconds, Training RMSE: 171910.17743059652
Validation for epoch 15/40 finished in 0.012010335922241211 seconds. RMSE: 172202.70297912013
Epoch 16 / 40, Loss: 15551991808.0, Time: 0.11810731887817383 seconds, Training RMSE: 167043.46331370054
Validation for epoch 16/40 finished in 0.012010574340820312 seconds. RMSE: 167279.76569626483
Epoch 17 / 40, Loss: 18557132800.0, Time: 0.11810660362243652 seconds, Training RMSE: 161764.14104695
Validation for epoch 17/40 finished in 0.01201176643371582 seconds. RMSE: 162041.2817755156
Epoch 18 / 40, Loss: 19614855168.0, Time: 0.11714577674865723 seconds, Training RMSE: 156138.78667952248
Validation for epoch 18/40 finished in 0.012010335922241211 seconds. RMSE: 156456.88751069494
Epoch 19 / 40, Loss: 24502464512.0, Time: 0.11810684204101562 seconds, Training RMSE: 150209.8882628744
Validation for epoch 19/40 finished in 0.012011051177978516 seconds. RMSE: 150626.49796683658
Epoch 20 / 40, Loss: 25260060672.0, Time: 0.11810731887817383 seconds, Training RMSE: 144014.09187669272
Validation for epoch 20/40 finished in 0.012011528015136719 seconds. RMSE: 144670.79037045094
Epoch 21 / 40, Loss: 17095358464.0, Time: 0.11710643768310547 seconds, Training RMSE: 137661.46600394812
Validation for epoch 21/40 finished in 0.011010169982910156 seconds. RMSE: 138543.5727678757
Epoch 22 / 40, Loss: 22549823488.0, Time: 0.117645263671875 seconds, Training RMSE: 131216.33480672134
Validation for epoch 22/40 finished in 0.012010812759399414 seconds. RMSE: 132440.24582543393
Epoch 23 / 40, Loss: 4341936640.0, Time: 0.11610674858093262 seconds, Training RMSE: 124788.07291092334
Validation for epoch 23/40 finished in 0.012010335922241211 seconds. RMSE: 126408.28255159484
Epoch 24 / 40, Loss: 17392070656.0, Time: 0.11710596084594727 seconds, Training RMSE: 118447.88647321911
Validation for epoch 24/40 finished in 0.012011289596557617 seconds. RMSE: 120680.30290779771
Epoch 25 / 40, Loss: 12919416832.0, Time: 0.11610651016235352 seconds, Training RMSE: 112354.10149300902
Validation for epoch 25/40 finished in 0.013011455535888672 seconds. RMSE: 115129.77890249327
Epoch 26 / 40, Loss: 19609047040.0, Time: 0.11710619926452637 seconds, Training RMSE: 106550.71567600328
Validation for epoch 26/40 finished in 0.012010812759399414 seconds. RMSE: 110099.195013294
Epoch 27 / 40, Loss: 11778131968.0, Time: 0.11710619926452637 seconds, Training RMSE: 101197.62907179903
Validation for epoch 27/40 finished in 0.012010812759399414 seconds. RMSE: 105485.72041360897
Epoch 28 / 40, Loss: 14629855232.0, Time: 0.11710643768310547 seconds, Training RMSE: 96358.3952509716
Validation for epoch 28/40 finished in 0.013011693954467773 seconds. RMSE: 101438.60416480557
Epoch 29 / 40, Loss: 11407675392.0, Time: 0.11719083786010742 seconds, Training RMSE: 92103.89730721542
Validation for epoch 29/40 finished in 0.012010812759399414 seconds. RMSE: 98028.48734626715
Epoch 30 / 40, Loss: 1992791296.0, Time: 0.11810731887817383 seconds, Training RMSE: 88518.92418364639
Validation for epoch 30/40 finished in 0.012010812759399414 seconds. RMSE: 95111.14636031154
Epoch 31 / 40, Loss: 15726651392.0, Time: 0.11810970306396484 seconds, Training RMSE: 85525.90493344652
Validation for epoch 31/40 finished in 0.012010335922241211 seconds. RMSE: 92898.77330124823
Epoch 32 / 40, Loss: 3580151040.0, Time: 0.11710572242736816 seconds, Training RMSE: 83170.30837952452
Validation for epoch 32/40 finished in 0.012011051177978516 seconds. RMSE: 91173.38291709892
Epoch 33 / 40, Loss: 4368340992.0, Time: 0.11610579490661621 seconds, Training RMSE: 81346.27683997607
Validation for epoch 33/40 finished in 0.012011051177978516 seconds. RMSE: 89928.80380048598
Epoch 34 / 40, Loss: 3036865024.0, Time: 0.11710643768310547 seconds, Training RMSE: 79999.9732383517
Validation for epoch 34/40 finished in 0.012011289596557617 seconds. RMSE: 89047.35228417472
Epoch 35 / 40, Loss: 5129850368.0, Time: 0.13212037086486816 seconds, Training RMSE: 79034.41000697535
Validation for epoch 35/40 finished in 0.012010812759399414 seconds. RMSE: 88451.58036485892
Epoch 36 / 40, Loss: 8203757568.0, Time: 0.11710667610168457 seconds, Training RMSE: 78379.10526706562
Validation for epoch 36/40 finished in 0.012010812759399414 seconds. RMSE: 88052.66202101047
Epoch 37 / 40, Loss: 8756514816.0, Time: 0.11610555648803711 seconds, Training RMSE: 77941.94498436131
Validation for epoch 37/40 finished in 0.012011051177978516 seconds. RMSE: 87837.71860200765
Epoch 38 / 40, Loss: 4888247296.0, Time: 0.11810803413391113 seconds, Training RMSE: 77660.14168808667
Validation for epoch 38/40 finished in 0.012010574340820312 seconds. RMSE: 87698.21850520284
Epoch 39 / 40, Loss: 4833481728.0, Time: 0.11757349967956543 seconds, Training RMSE: 77491.49690445495
Validation for epoch 39/40 finished in 0.011010408401489258 seconds. RMSE: 87623.25008777753
Epoch 40 / 40, Loss: 2726619904.0, Time: 0.11610627174377441 seconds, Training RMSE: 77378.22868630516
Validation for epoch 40/40 finished in 0.012010335922241211 seconds. RMSE: 87595.00109587476
Finished Training 40 epochs in 6.310059547424316 seconds
